# JRE version: Java(TM) SE Runtime Environment (8.0_92-b14) (build 1.8.0_92-b14)
# Java VM: Java HotSpot(TM) Client VM (25.92-b14 mixed mode windows-x86 )
Heap:
 def new generation   total 39424K, used 22216K [0x10200000, 0x12cc0000, 0x1aca0000)
  eden space 35072K,  58% used [0x10200000, 0x1162e690, 0x12440000)
  from space 4352K,  35% used [0x12440000, 0x125c39e0, 0x12880000)
  to   space 4352K,   0% used [0x12880000, 0x12880000, 0x12cc0000)
 tenured generation   total 87424K, used 49670K [0x1aca0000, 0x20200000, 0x30200000)
   the space 87424K,  56% used [0x1aca0000, 0x1dd21a30, 0x1dd21c00, 0x20200000)
 Metaspace       used 18527K, capacity 19026K, committed 19072K, reserved 19840K
GC Heap History (10 events):
Event: 2963.671 GC heap before
{Heap before GC invocations=247 (full 1):
 def new generation   total 39424K, used 36851K [0x10200000, 0x12cc0000, 0x1aca0000)
  eden space 35072K, 100% used [0x10200000, 0x12440000, 0x12440000)
  from space 4352K,  40% used [0x12880000, 0x12a3cd08, 0x12cc0000)
  to   space 4352K,   0% used [0x12440000, 0x12440000, 0x12880000)
 tenured generation   total 87424K, used 49372K [0x1aca0000, 0x20200000, 0x30200000)
   the space 87424K,  56% used [0x1aca0000, 0x1dcd70f8, 0x1dcd7200, 0x20200000)
 Metaspace       used 18527K, capacity 19026K, committed 19072K, reserved 19840K
Event: 2963.683 GC heap after
Heap after GC invocations=248 (full 1):
 def new generation   total 39424K, used 1765K [0x10200000, 0x12cc0000, 0x1aca0000)
  eden space 35072K,   0% used [0x10200000, 0x10200000, 0x12440000)
  from space 4352K,  40% used [0x12440000, 0x125f9588, 0x12880000)
  to   space 4352K,   0% used [0x12880000, 0x12880000, 0x12cc0000)
 tenured generation   total 87424K, used 49396K [0x1aca0000, 0x20200000, 0x30200000)
   the space 87424K,  56% used [0x1aca0000, 0x1dcdd2d0, 0x1dcdd400, 0x20200000)
 Metaspace       used 18527K, capacity 19026K, committed 19072K, reserved 19840K
}
Event: 2975.332 GC heap before
{Heap before GC invocations=248 (full 1):
 def new generation   total 39424K, used 36837K [0x10200000, 0x12cc0000, 0x1aca0000)
  eden space 35072K, 100% used [0x10200000, 0x12440000, 0x12440000)
  from space 4352K,  40% used [0x12440000, 0x125f9588, 0x12880000)
  to   space 4352K,   0% used [0x12880000, 0x12880000, 0x12cc0000)
 tenured generation   total 87424K, used 49396K [0x1aca0000, 0x20200000, 0x30200000)
   the space 87424K,  56% used [0x1aca0000, 0x1dcdd2d0, 0x1dcdd400, 0x20200000)
 Metaspace       used 18527K, capacity 19026K, committed 19072K, reserved 19840K
Event: 2975.346 GC heap after
Heap after GC invocations=249 (full 1):
 def new generation   total 39424K, used 1763K [0x10200000, 0x12cc0000, 0x1aca0000)
  eden space 35072K,   0% used [0x10200000, 0x10200000, 0x12440000)
  from space 4352K,  40% used [0x12880000, 0x12a38d48, 0x12cc0000)
  to   space 4352K,   0% used [0x12440000, 0x12440000, 0x12880000)
 tenured generation   total 87424K, used 49457K [0x1aca0000, 0x20200000, 0x30200000)
   the space 87424K,  56% used [0x1aca0000, 0x1dcec450, 0x1dcec600, 0x20200000)
 Metaspace       used 18527K, capacity 19026K, committed 19072K, reserved 19840K
}
Event: 2985.255 GC heap before
{Heap before GC invocations=249 (full 1):
 def new generation   total 39424K, used 36835K [0x10200000, 0x12cc0000, 0x1aca0000)
  eden space 35072K, 100% used [0x10200000, 0x12440000, 0x12440000)
  from space 4352K,  40% used [0x12880000, 0x12a38d48, 0x12cc0000)
  to   space 4352K,   0% used [0x12440000, 0x12440000, 0x12880000)
 tenured generation   total 87424K, used 49457K [0x1aca0000, 0x20200000, 0x30200000)
   the space 87424K,  56% used [0x1aca0000, 0x1dcec450, 0x1dcec600, 0x20200000)
 Metaspace       used 18527K, capacity 19026K, committed 19072K, reserved 19840K
Event: 2985.261 GC heap after
Heap after GC invocations=250 (full 1):
 def new generation   total 39424K, used 1787K [0x10200000, 0x12cc0000, 0x1aca0000)
  eden space 35072K,   0% used [0x10200000, 0x10200000, 0x12440000)
  from space 4352K,  41% used [0x12440000, 0x125fec40, 0x12880000)
  to   space 4352K,   0% used [0x12880000, 0x12880000, 0x12cc0000)
 tenured generation   total 87424K, used 49516K [0x1aca0000, 0x20200000, 0x30200000)
   the space 87424K,  56% used [0x1aca0000, 0x1dcfb1c8, 0x1dcfb200, 0x20200000)
 Metaspace       used 18527K, capacity 19026K, committed 19072K, reserved 19840K
}
Event: 2999.250 GC heap before
{Heap before GC invocations=250 (full 1):
 def new generation   total 39424K, used 36859K [0x10200000, 0x12cc0000, 0x1aca0000)
  eden space 35072K, 100% used [0x10200000, 0x12440000, 0x12440000)
  from space 4352K,  41% used [0x12440000, 0x125fec40, 0x12880000)
  to   space 4352K,   0% used [0x12880000, 0x12880000, 0x12cc0000)
 tenured generation   total 87424K, used 49516K [0x1aca0000, 0x20200000, 0x30200000)
   the space 87424K,  56% used [0x1aca0000, 0x1dcfb1c8, 0x1dcfb200, 0x20200000)
 Metaspace       used 18527K, capacity 19026K, committed 19072K, reserved 19840K
Event: 2999.262 GC heap after
Heap after GC invocations=251 (full 1):
 def new generation   total 39424K, used 1647K [0x10200000, 0x12cc0000, 0x1aca0000)
  eden space 35072K,   0% used [0x10200000, 0x10200000, 0x12440000)
  from space 4352K,  37% used [0x12880000, 0x12a1bf10, 0x12cc0000)
  to   space 4352K,   0% used [0x12440000, 0x12440000, 0x12880000)
 tenured generation   total 87424K, used 49599K [0x1aca0000, 0x20200000, 0x30200000)
   the space 87424K,  56% used [0x1aca0000, 0x1dd0ff40, 0x1dd10000, 0x20200000)
 Metaspace       used 18527K, capacity 19026K, committed 19072K, reserved 19840K
}
Event: 3007.481 GC heap before
{Heap before GC invocations=251 (full 1):
 def new generation   total 39424K, used 36719K [0x10200000, 0x12cc0000, 0x1aca0000)
  eden space 35072K, 100% used [0x10200000, 0x12440000, 0x12440000)
  from space 4352K,  37% used [0x12880000, 0x12a1bf10, 0x12cc0000)
  to   space 4352K,   0% used [0x12440000, 0x12440000, 0x12880000)
 tenured generation   total 87424K, used 49599K [0x1aca0000, 0x20200000, 0x30200000)
   the space 87424K,  56% used [0x1aca0000, 0x1dd0ff40, 0x1dd10000, 0x20200000)
 Metaspace       used 18527K, capacity 19026K, committed 19072K, reserved 19840K
Event: 3007.487 GC heap after
Heap after GC invocations=252 (full 1):
 def new generation   total 39424K, used 1550K [0x10200000, 0x12cc0000, 0x1aca0000)
  eden space 35072K,   0% used [0x10200000, 0x10200000, 0x12440000)
  from space 4352K,  35% used [0x12440000, 0x125c39e0, 0x12880000)
  to   space 4352K,   0% used [0x12880000, 0x12880000, 0x12cc0000)
 tenured generation   total 87424K, used 49670K [0x1aca0000, 0x20200000, 0x30200000)
   the space 87424K,  56% used [0x1aca0000, 0x1dd21a30, 0x1dd21c00, 0x20200000)
 Metaspace       used 18527K, capacity 19026K, committed 19072K, reserved 19840K
}

